[debug] [2023-09-19T18:21:03.625Z] ----------------------------------------------------------------------
[debug] [2023-09-19T18:21:03.653Z] Command:       C:\Program Files\nodejs\node.exe C:\Users\HP\AppData\Roaming\npm\node_modules\firebase-tools\lib\bin\firebase.js init
[debug] [2023-09-19T18:21:03.654Z] CLI Version:   12.5.4
[debug] [2023-09-19T18:21:03.655Z] Platform:      win32
[debug] [2023-09-19T18:21:03.655Z] Node Version:  v20.4.0
[debug] [2023-09-19T18:21:03.656Z] Time:          Tue Sep 19 2023 23:51:03 GMT+0530 (India Standard Time)
[debug] [2023-09-19T18:21:03.657Z] ----------------------------------------------------------------------
[debug] 
[debug] [2023-09-19T18:21:03.666Z] >>> [apiv2][query] GET https://firebase-public.firebaseio.com/cli.json [none]
[debug] [2023-09-19T18:21:03.870Z] > command requires scopes: ["email","openid","https://www.googleapis.com/auth/cloudplatformprojects.readonly","https://www.googleapis.com/auth/firebase","https://www.googleapis.com/auth/cloud-platform"]
[debug] [2023-09-19T18:21:03.871Z] > authorizing via signed-in user (ayushbansal0147@gmail.com)
[info] 
     ######## #### ########  ######## ########     ###     ######  ########
     ##        ##  ##     ## ##       ##     ##  ##   ##  ##       ##
     ######    ##  ########  ######   ########  #########  ######  ######
     ##        ##  ##    ##  ##       ##     ## ##     ##       ## ##
     ##       #### ##     ## ######## ########  ##     ##  ######  ########

You're about to initialize a Firebase project in this directory:

  C:\Users\HP\Desktop\Netflix-clone\netflix-clone

[debug] [2023-09-19T18:21:04.731Z] <<< [apiv2][status] GET https://firebase-public.firebaseio.com/cli.json 200
[debug] [2023-09-19T18:21:04.733Z] <<< [apiv2][body] GET https://firebase-public.firebaseio.com/cli.json {"cloudBuildErrorAfter":1594252800000,"cloudBuildWarnAfter":1590019200000,"defaultNode10After":1594252800000,"minVersion":"3.0.5","node8DeploysDisabledAfter":1613390400000,"node8RuntimeDisabledAfter":1615809600000,"node8WarnAfter":1600128000000}
[info] 
=== Project Setup
[info] 
[info] First, let's associate this project directory with a Firebase project.
[info] You can create multiple project aliases by running firebase use --add, 
[info] but for now we'll just set up a default project.
[info] 
[debug] [2023-09-19T18:22:00.813Z] > refreshing access token with scopes: []
[debug] [2023-09-19T18:22:00.814Z] >>> [apiv2][query] POST https://www.googleapis.com/oauth2/v3/token [none]
[debug] [2023-09-19T18:22:00.814Z] >>> [apiv2][body] POST https://www.googleapis.com/oauth2/v3/token [omitted]
[debug] [2023-09-19T18:22:01.088Z] <<< [apiv2][status] POST https://www.googleapis.com/oauth2/v3/token 200
[debug] [2023-09-19T18:22:01.088Z] <<< [apiv2][body] POST https://www.googleapis.com/oauth2/v3/token [omitted]
[debug] [2023-09-19T18:22:01.131Z] >>> [apiv2][query] GET https://firebase.googleapis.com/v1beta1/projects pageSize=100
[debug] [2023-09-19T18:22:02.134Z] <<< [apiv2][status] GET https://firebase.googleapis.com/v1beta1/projects 200
[debug] [2023-09-19T18:22:02.135Z] <<< [apiv2][body] GET https://firebase.googleapis.com/v1beta1/projects [omitted]
[info] i  Using project netflix-clone-7a449 (Netflix-clone) 
[info] 
=== Hosting Setup
[info] 
[info] Your public directory is the folder (relative to your project directory) that
[info] will contain Hosting assets to be uploaded with firebase deploy. If you
[info] have a build process for your assets, use your build's output directory.
[info] 
[debug] [2023-09-19T18:23:41.624Z] >>> [apiv2][query] GET https://www.gstatic.com/firebasejs/releases.json [none]
[debug] [2023-09-19T18:23:49.281Z] <<< [apiv2][status] GET https://www.gstatic.com/firebasejs/releases.json 200
[debug] [2023-09-19T18:23:49.283Z] <<< [apiv2][body] GET https://www.gstatic.com/firebasejs/releases.json {"current":{"version":"10.4.0","browserURL":"https://www.gstatic.com/firebasejs/10.4.0/firebase.js","packageURL":"https://www.gstatic.com/firebasejs/10.4.0/firebase.tgz"},"live":{"version":"10.4","browserURL":"https://www.gstatic.com/firebasejs/live/10.4/firebase.js","packageURL":"https://www.gstatic.com/firebasejs/live/10.4/firebase.tgz"},"components":{"analytics":"https://www.gstatic.com/firebasejs/10.4.0/firebase-analytics.js","app":"https://www.gstatic.com/firebasejs/10.4.0/firebase-app.js","app-check":"https://www.gstatic.com/firebasejs/10.4.0/firebase-app-check.js","auth":"https://www.gstatic.com/firebasejs/10.4.0/firebase-auth.js","auth/cordova":"https://www.gstatic.com/firebasejs/10.4.0/firebase-auth/cordova.js","functions":"https://www.gstatic.com/firebasejs/10.4.0/firebase-functions.js","firestore":"https://www.gstatic.com/firebasejs/10.4.0/firebase-firestore.js","firestore/lite":"https://www.gstatic.com/firebasejs/10.4.0/firebase-firestore/lite.js","installations":"https://www.gstatic.com/firebasejs/10.4.0/firebase-installations.js","storage":"https://www.gstatic.com/firebasejs/10.4.0/firebase-storage.js","performance":"https://www.gstatic.com/firebasejs/10.4.0/firebase-performance.js","remote-config":"https://www.gstatic.com/firebasejs/10.4.0/firebase-remote-config.js","messaging":"https://www.gstatic.com/firebasejs/10.4.0/firebase-messaging.js","messaging/sw":"https://www.gstatic.com/firebasejs/10.4.0/firebase-messaging/sw.js","database":"https://www.gstatic.com/firebasejs/10.4.0/firebase-database.js","firestore.memory":"https://www.gstatic.com/firebasejs/10.4.0/firebase-firestore.memory.js"}}
[info] +  Wrote build/index.html 
[info] 
[info] i  Detected a .git folder at C:\Users\HP\Desktop\Netflix-clone\netflix-clone 
[info] i  Authorizing with GitHub to upload your service account to a GitHub repository's secrets store. 
[info] 
[info] Visit this URL on this device to log in:
[info] https://github.com/login/oauth/authorize?client_id=89cf50f02ac6aaed3484&state=536056464&redirect_uri=http%3A%2F%2Flocalhost%3A9005&scope=read%3Auser%20repo%20public_repo
[info] 
[info] Waiting for authentication...
[debug] [2023-09-19T18:24:17.570Z] >>> [apiv2][query] POST https://github.com/login/oauth/access_token [none]
[debug] [2023-09-19T18:24:17.570Z] >>> [apiv2][body] POST https://github.com/login/oauth/access_token [stream]
[debug] [2023-09-19T18:24:18.036Z] <<< [apiv2][status] POST https://github.com/login/oauth/access_token 200
[debug] [2023-09-19T18:24:18.036Z] <<< [apiv2][body] POST https://github.com/login/oauth/access_token {"access_token":"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","token_type":"bearer","scope":"read:user,repo"}
[debug] [2023-09-19T18:24:18.086Z] >>> [apiv2][query] GET https://api.github.com/user [none]
[debug] [2023-09-19T18:24:18.610Z] <<< [apiv2][status] GET https://api.github.com/user 200
[debug] [2023-09-19T18:24:18.611Z] <<< [apiv2][body] GET https://api.github.com/user {"login":"ayushbansal14","id":109910743,"node_id":"U_kgDOBo0a1w","avatar_url":"https://avatars.githubusercontent.com/u/109910743?v=4","gravatar_id":"","url":"https://api.github.com/users/ayushbansal14","html_url":"https://github.com/ayushbansal14","followers_url":"https://api.github.com/users/ayushbansal14/followers","following_url":"https://api.github.com/users/ayushbansal14/following{/other_user}","gists_url":"https://api.github.com/users/ayushbansal14/gists{/gist_id}","starred_url":"https://api.github.com/users/ayushbansal14/starred{/owner}{/repo}","subscriptions_url":"https://api.github.com/users/ayushbansal14/subscriptions","organizations_url":"https://api.github.com/users/ayushbansal14/orgs","repos_url":"https://api.github.com/users/ayushbansal14/repos","events_url":"https://api.github.com/users/ayushbansal14/events{/privacy}","received_events_url":"https://api.github.com/users/ayushbansal14/received_events","type":"User","site_admin":false,"name":null,"company":null,"blog":"","location":null,"email":null,"hireable":null,"bio":null,"twitter_username":null,"public_repos":4,"public_gists":0,"followers":0,"following":0,"created_at":"2022-07-24T14:43:43Z","updated_at":"2023-09-19T18:23:55Z","private_gists":0,"total_private_repos":2,"owned_private_repos":2,"disk_usage":11541,"collaborators":0,"two_factor_authentication":false,"plan":{"name":"free","space":976562499,"collaborators":0,"private_repos":10000}}
[info] 
[info] +  Success! Logged into GitHub as ayushbansal14 
[info] 
